<?xml version="1.0" encoding="UTF-8"?>
<!-- Generated by org.testng.reporters.JUnitReportReporter -->
<testsuite hostname="DESKTOP-QRBVFN2" failures="0" tests="1" name="Amazon" time="23.701" errors="0" timestamp="27 Nov 2023 17:24:12 GMT" skipped="0">
  <testcase classname="Amazon" name="test" time="23.701"/>
</testsuite> <!-- Amazon -->
